* using log directory ‘/Users/hastie/GITHUB/best-subset/bestsubset.Rcheck’
* using R version 3.3.3 (2017-03-06)
* using platform: x86_64-apple-darwin13.4.0 (64-bit)
* using session charset: UTF-8
* checking for file ‘bestsubset/DESCRIPTION’ ... OK
* checking extension type ... Package
* this is package ‘bestsubset’ version ‘1.0.3’
* checking package namespace information ... OK
* checking package dependencies ... OK
* checking if this is a source package ... OK
* checking if there is a namespace ... OK
* checking for executable files ... OK
* checking for hidden files and directories ... OK
* checking for portable file names ... OK
* checking for sufficient/correct file permissions ... OK
* checking whether package ‘bestsubset’ can be installed ... OK
* checking installed package size ... OK
* checking package directory ... OK
* checking DESCRIPTION meta-information ... OK
* checking top-level files ... OK
* checking for left-over files ... OK
* checking index information ... OK
* checking package subdirectories ... OK
* checking R files for non-ASCII characters ... OK
* checking R files for syntax errors ... OK
* checking whether the package can be loaded ... OK
* checking whether the package can be loaded with stated dependencies ... OK
* checking whether the package can be unloaded cleanly ... OK
* checking whether the namespace can be loaded with stated dependencies ... OK
* checking whether the namespace can be unloaded cleanly ... OK
* checking dependencies in R code ... WARNING
'library' or 'require' call not declared from: ‘Matrix’
'library' or 'require' calls to packages already attached by Depends:
  ‘glmnet’ ‘gurobi’
  Please remove these calls from your code.
'library' or 'require' call to ‘Matrix’ in package code.
  Please use :: or requireNamespace() instead.
  See section 'Suggested packages' in the 'Writing R Extensions' manual.
Packages in Depends field not imported from:
  ‘glmnet’ ‘gurobi’
  These packages need to be imported from (in the NAMESPACE file)
  for when this namespace is loaded but not attached.
* checking S3 generic/method consistency ... WARNING
print:
  function(x, ...)
print.tex:
  function(tab, tab.se, digits, file, align)

plot:
  function(x, ...)
plot.many.sims:
  function(file.list, grouping, snr.vec, method.nums, method.names,
           what, tuning, type, std, fig.dir, file.name, w, h, mar,
           cols, main, cex.main, log, legend.pos, tex.dir)

plot:
  function(x, ...)
plot.sim:
  function(x, method.nums, method.names, type, std, cols, main,
           cex.main, legend.pos, make.pdf, fig.dir, file.name, w, h,
           mar)

plot:
  function(x, ...)
plot.sim:
  function(x, method.nums, method.names, type, std, cols, main,
           cex.main, legend.pos, make.pdf, fig.dir, file.name, w, h,
           mar)

coef:
  function(object, ...)
coef.lasso:
  function(object, s)

coef:
  function(object, ...)
coef.lasso.from.glmnet:
  function(object, s)

coef:
  function(object, ...)
coef.lasso:
  function(object, s)

predict:
  function(object, ...)
predict.lasso:
  function(object, newx, s)

predict:
  function(object, ...)
predict.lasso:
  function(object, newx, s)

See section ‘Generic functions and methods’ in the ‘Writing R
Extensions’ manual.
* checking replacement functions ... OK
* checking foreign function calls ... OK
* checking R code for possible problems ... NOTE
bs.one.k: no visible global function definition for ‘Diagonal’
bs.one.k: no visible global function definition for ‘bdiag’
bs.one.k: no visible global function definition for ‘Matrix’
bs.one.k: no visible global function definition for ‘gurobi’
bs.proj.grad: no visible global function definition for ‘lsfit’
bs.proj.grad: no visible global function definition for ‘runif’
check.cols: no visible global function definition for ‘rnorm’
coef.ls.with.intercept : <anonymous>: no visible global function
  definition for ‘lsfit’
compute.stats: no visible binding for global variable ‘sd’
compute.stats: no visible binding for global variable ‘median’
compute.stats: no visible binding for global variable ‘mad’
lasso: no visible global function definition for ‘glmnet’
plot.many.sims: no visible global function definition for ‘pdf’
plot.many.sims: no visible global function definition for ‘par’
plot.many.sims: no visible global function definition for ‘matplot’
plot.many.sims: no visible global function definition for ‘segments’
plot.many.sims: no visible global function definition for ‘legend’
plot.many.sims: no visible global function definition for
  ‘graphics.off’
plot.sim: no visible global function definition for ‘pdf’
plot.sim: no visible global function definition for ‘par’
plot.sim: no visible global function definition for ‘plot’
plot.sim: no visible global function definition for ‘segments’
plot.sim: no visible global function definition for ‘points’
plot.sim: no visible global function definition for ‘legend’
plot.sim: no visible global function definition for ‘graphics.off’
power.method: no visible global function definition for ‘rnorm’
sim.master: no visible global function definition for ‘coef’
sim.master: no visible global function definition for ‘predict’
sim.xy: no visible global function definition for ‘rnorm’
Undefined global functions or variables:
  Diagonal Matrix bdiag coef glmnet graphics.off gurobi legend lsfit
  mad matplot median par pdf plot points predict rnorm runif sd
  segments
Consider adding
  importFrom("grDevices", "graphics.off", "pdf")
  importFrom("graphics", "legend", "matplot", "par", "plot", "points",
             "segments")
  importFrom("stats", "coef", "lsfit", "mad", "median", "predict",
             "rnorm", "runif", "sd")
to your NAMESPACE file.
* checking Rd files ... OK
* checking Rd metadata ... OK
* checking Rd cross-references ... OK
* checking for missing documentation entries ... WARNING
Undocumented code objects:
  ‘coef.lasso.from.glmnet’
All user-level objects in a package should have documentation entries.
See chapter ‘Writing R documentation files’ in the ‘Writing R
Extensions’ manual.
* checking for code/documentation mismatches ... WARNING
Codoc mismatches from documentation object 'sim.master':
sim.master
  Code: function(n, p, nval, reg.funs, nrep = 50, seed = NULL, verbose
                 = FALSE, file = NULL, file.rep = 5, rho = 0, s = 5,
                 beta.type = 1, snr = 1, reorder = FALSE)
  Docs: function(n, p, nval, reg.funs, nrep = 50, seed = NULL, verbose
                 = FALSE, file = NULL, file.rep = 5, rho = 0, s = 5,
                 beta.type = 1, snr = 1)
  Argument names in code not in docs:
    reorder

Codoc mismatches from documentation object 'sim.xy':
sim.xy
  Code: function(n, p, nval, rho = 0, s = 5, beta.type = 1, snr = 1,
                 reorder = FALSE)
  Docs: function(n, p, nval, rho = 0, s = 5, beta.type = 1, snr = 1)
  Argument names in code not in docs:
    reorder

* checking Rd \usage sections ... WARNING
Undocumented arguments in documentation object 'bs'
  ‘verbose’
Documented arguments not in \usage in documentation object 'bs':
  ‘Should’

Undocumented arguments in documentation object 'coef.lasso'
  ‘object’ ‘s’

Undocumented arguments in documentation object 'lasso'
  ‘x’ ‘y’ ‘alpha’ ‘nlambda’ ‘lambda.min.ratio’ ‘lambda’ ‘intercept’
  ‘standardize’

Undocumented arguments in documentation object 'predict.lasso'
  ‘object’ ‘newx’ ‘s’

Undocumented arguments in documentation object 'print.tex'
  ‘tab’ ‘tab.se’ ‘digits’ ‘file’ ‘align’

Undocumented arguments in documentation object 'sim.master'
  ‘nrep’
Documented arguments not in \usage in documentation object 'sim.master':
  ‘Number’

Functions with \usage entries need to have the appropriate \alias
entries, and all their arguments documented.
The \usage entries must correspond to syntactically valid R code.
See chapter ‘Writing R documentation files’ in the ‘Writing R
Extensions’ manual.
* checking Rd contents ... OK
* checking for unstated dependencies in examples ... OK
* checking line endings in C/C++/Fortran sources/headers ... OK
* checking compiled code ... OK
* checking examples ... ERROR
Running examples in ‘bestsubset-Ex.R’ failed
The error most likely occurred in:

> ### Name: bs
> ### Title: Best subset selection.
> ### Aliases: bs
> 
> ### ** Examples
> 
> # Simulate some simple regression data with the first 5 coefficients
> # being nonzero
> set.seed(3)
> n = 100
> p = 20
> ntest = 10000
> xy.obj = sim.xy(n,p,nval=0,ntest=ntest,s=5,beta.type=2,snr=1)
Error in sim.xy(n, p, nval = 0, ntest = ntest, s = 5, beta.type = 2, snr = 1) : 
  unused argument (ntest = ntest)
Execution halted
* checking PDF version of manual ... OK
* DONE
Status: 1 ERROR, 5 WARNINGs, 1 NOTE
